<?xml version="1.0" encoding="UTF-8"?>
<!-- Generated by org.testng.reporters.JUnitXMLReporter -->
<testsuite hostname="DESKTOP-3CHMCE1" ignored="1" name="Default test" tests="1" failures="0" timestamp="13 апр 2018 09:50:00 GMT" time="12.378" errors="0">
  <testcase name="backAndForwardTest" time="5.676" classname="by.htp.library.example.MailRuSendEmailTest"/>
  <testcase name="sendEmailTest" time="0.0" classname="by.htp.library.example.MailRuSendEmailTest">
    <ignored/>
  </testcase> <!-- sendEmailTest -->
</testsuite> <!-- Default test -->
