<?xml version="1.0" encoding="UTF-8"?>
<!-- Generated by org.testng.reporters.JUnitXMLReporter -->
<testsuite hostname="DESKTOP-3CHMCE1" ignored="0" name="Command line test" tests="2" failures="1" timestamp="05 апр 2018 20:05:21 GMT" time="0.275" errors="0">
  <testcase name="testGetBookByTitle" time="0.009" classname="by.htp.library.dao.BookDaoTest">
    <failure type="java.lang.AssertionError" message="The received count of books by title is not correct expected [2] but found [1]">
      <![CDATA[java.lang.AssertionError: The received count of books by title is not correct expected [2] but found [1]
	at by.htp.library.dao.BookDaoTest.testGetBookByTitle(BookDaoTest.java:86)
... Removed 39 stack frames]]>
    </failure>
  </testcase> <!-- testGetBookByTitle -->
  <testcase name="testRecievedCorrectBookCount" time="0.006" classname="by.htp.library.dao.BookDaoTest"/>
</testsuite> <!-- Command line test -->
